[2013-02-28 01:08:11.196] [ERROR] file - https://api.twitter.com/1.1/statuses/home_timeline.json?count=200&page=2
[2013-02-28 01:08:11.196] [ERROR] file - { statusCode: 400,
  data: '{"errors":[{"message":"Bad Authentication data","code":215}]}' }
[2013-02-28 01:08:11.218] [ERROR] file - https://api.twitter.com/1.1/statuses/home_timeline.json?count=200&page=3
[2013-02-28 01:08:11.219] [ERROR] file - { statusCode: 400,
  data: '{"errors":[{"message":"Bad Authentication data","code":215}]}' }
27 21:43:42.195] [INFO] file - RT成功：306681403066703872
[2013-02-27 21:43:42.195] [INFO] file - { id: '306681403066703872',
  user_id: '430517087',
  user_name: '清武弘嗣',
  user_s_name: '13_hiroshi',
  text: '@S_Kagawa0317 真司くん(*^^*)',
  rt_count: 418,
  posted: Wed Feb 27 2013 17:25:19 GMT+0900 (JST),
  created: Wed Feb 27 2013 21:43:42 GMT+0900 (JST),
  is_friend_tweet: false,
  rt_user: '稲穂新',
  is_deleted: false }
[2013-02-27 21:43:42.201] [INFO] file - RT成功：306650281519755264
[2013-02-27 21:43:42.201] [INFO] file - { id: '306650281519755264',
  user_id: '46588298',
  user_name: 'サッカーキング',
  user_s_name: 'SoccerKingJP',
  text: 'バラック氏の引退試合で、モウリーニョ監督がメッシを指揮か http://t.co/4IpU4TPJsv 実現すれば、とても興味深い光景です。',
  rt_count: 118,
  posted: Wed Feb 27 2013 15:21:39 GMT+0900 (JST),
  created: Wed Feb 27 2013 21:43:42 GMT+0900 (JST),
  is_friend_tweet: false,
  rt_user: '稲穂新',
  is_deleted: false }
[2013-02-27 21:43:42.228] [INFO] file - RT成功：306685200031678464
[2013-02-27 21:43:42.228] [INFO] file - { id: '306685200031678464',
  user_id: '46588298',
  user_name: 'サッカーキング',
  user_s_name: 'SoccerKingJP',
  text: 'マンUのルーニー「6人でサッカーをするならシンジを選ぶ」 http://t.co/1vda6EKlHe 「C・ロナウドとメッシ、世界最高の選手はどっち?」というファンからの質問にも答えています。',
  rt_count: 235,
  posted: Wed Feb 27 2013 17:40:24 GMT+0900 (JST),
  created: Wed Feb 27 2013 21:43:42 GMT+0900 (JST),
  is_friend_tweet: false,
  rt_user: '稲穂新',
  is_deleted: false }
[2013-02-27 21:43:42.353] [INFO] file - RT成功：306673761476816896
[2013-02-27 21:43:42.354] [INFO] file - { id: '306673761476816896',
  user_id: '46588298',
  user_name: 'サッカーキング',
  user_s_name: 'SoccerKingJP',
  text: '完全移籍が決定したバルデス「バレンシアでベストを尽くす」 http://t.co/paRdsBViOn 完全移籍を勝ち取りました。',
  rt_count: 80,
  posted: Wed Feb 27 2013 16:54:57 GMT+0900 (JST),
  created: Wed Feb 27 2013 21:43:42 GMT+0900 (JST),
  is_friend_tweet: false,
  rt_user: '稲穂新',
  is_deleted: false }
[2013-02-27 22:04:54.245] [INFO] file - RT成功：306633723649064961
[2013-02-27 22:23:53.010] [ERROR] file - https://api.twitter.com/1.1/statuses/retweet/306720791024771073.json
[2013-02-27 22:23:53.011] [ERROR] file - このステータスは共有できません(共有認証失敗)
[2013-02-27 22:23:53.286] [INFO] file - RT成功：306713483477671937
[2013-02-27 22:24:16.637] [ERROR] file - https://api.twitter.com/1.1/statuses/retweet/306633723649064961.json
[2013-02-27 22:24:16.637] [ERROR] file - このステータスは共有できません(共有認証失敗)
[2013-02-27 22:24:16.917] [INFO] file - RT成功：306727327839170560
[2013-02-28 01:07:45.310] [ERROR] file - https://api.twitter.com/1.1/statuses/retweet/306695740699340800.json
[2013-02-28 01:07:45.311] [ERROR] file - このステータスは共有できません(共有認証失敗)
[2013-02-28 01:07:45.318] [ERROR] file - https://api.twitter.com/1.1/statuses/retweet/306693000170450944.json
[2013-02-28 01:07:45.318] [ERROR] file - このステータスは共有できません(共有認証失敗)
[2013-02-28 01:07:45.320] [ERROR] file - https://api.twitter.com/1.1/statuses/retweet/306690799167500289.json
[2013-02-28 01:07:45.320] [ERROR] file - このステータスは共有できません(共有認証失敗)
[2013-02-28 01:07:45.329] [ERROR] file - https://api.twitter.com/1.1/statuses/retweet/306720266514477056.json
[2013-02-28 01:07:45.330] [ERROR] file - このステータスは共有できません(共有認証失敗)
[2013-02-28 01:07:45.348] [ERROR] file - https://api.twitter.com/1.1/statuses/retweet/306722447997165568.json
[2013-02-28 01:07:45.348] [ERROR] file - このステータスは共有できません(共有認証失敗)
[2013-02-28 01:07:46.490] [ERROR] file - https://api.twitter.com/1.1/statuses/retweet/306671675586519041.json
[2013-02-28 01:07:46.490] [ERROR] file - このステータスは共有できません(共有認証失敗)
[2013-02-28 01:08:11.188] [ERROR] file - https://api.twitter.com/1.1/statuses/home_timeline.json?count=200&page=1
[2013-02-28 01:08:11.189] [ERROR] file - { statusCode: 400,
  data: '{"errors":[{"message":"Bad Authentication data","code":215}]}' }
[2013-02-28 01:08:11.196] [ERROR] file - https://api.twitter.com/1.1/statuses/home_timeline.json?count=200&page=2
[2013-02-28 01:08:11.196] [ERROR] file - { statusCode: 400,
  data: '{"errors":[{"message":"Bad Authentication data","code":215}]}' }
[2013-02-28 01:08:11.218] [ERROR] file - https://api.twitter.com/1.1/statuses/home_timeline.json?count=200&page=3
[2013-02-28 01:08:11.219] [ERROR] file - { statusCode: 400,
  data: '{"errors":[{"message":"Bad Authentication data","code":215}]}' }
[2013-02-28 01:09:27.431] [INFO] file - RT成功：306730803419815936
